<?xml version="1.0" encoding="UTF-8"?>
<!-- Generated by org.testng.reporters.JUnitReportReporter -->
<testsuite hostname="Praneeth" failures="0" tests="2" name="testScripts.TC001_LoginTest" time="4.431" errors="0" timestamp="2023-10-25T17:02:27 IST" skipped="0">
  <testcase classname="testScripts.TC001_LoginTest" name="login" time="1.933"/>
  <system-out/>
  <testcase classname="testScripts.TC001_LoginTest" name="login" time="2.498"/>
  <system-out/>
</testsuite> <!-- testScripts.TC001_LoginTest -->
