<?xml version="1.0" encoding="UTF-8"?>
<!-- Generated by org.testng.reporters.JUnitReportReporter -->
<testsuite hostname="Praneeth" failures="0" tests="2" name="testScripts.TC002_Register" time="7.125" errors="0" timestamp="2023-10-25T11:49:35 IST" skipped="0">
  <testcase classname="testScripts.TC002_Register" name="register" time="3.277"/>
  <system-out/>
  <testcase classname="testScripts.TC002_Register" name="register" time="3.848"/>
  <system-out/>
</testsuite> <!-- testScripts.TC002_Register -->
