<?xml version="1.0" encoding="UTF-8"?>
<!-- Generated by org.testng.reporters.JUnitReportReporter -->
<testsuite hostname="Praneeth" failures="0" tests="1" name="testScripts.Select" time="9.910" errors="0" timestamp="2023-10-28T12:00:25 IST" skipped="0">
  <testcase classname="testScripts.Select" name="select" time="9.910"/>
  <system-out/>
</testsuite> <!-- testScripts.Select -->
