<?xml version="1.0" encoding="UTF-8"?>
<!-- Generated by org.testng.reporters.JUnitReportReporter -->
<testsuite hostname="Praneeth" failures="0" tests="2" name="testScripts.TC001_Login" time="3.507" errors="0" timestamp="2023-10-19T13:02:08 IST" skipped="0">
  <testcase classname="testScripts.TC001_Login" name="login" time="1.982"/>
  <system-out/>
  <testcase classname="testScripts.TC001_Login" name="login" time="1.525"/>
  <system-out/>
</testsuite> <!-- testScripts.TC001_Login -->
